{
  "stats": {
    "suites": 1,
    "tests": 5,
    "passes": 5,
    "pending": 0,
    "failures": 0,
    "start": "2025-03-22T15:24:05.736Z",
    "end": "2025-03-22T15:24:06.103Z",
    "duration": 367,
    "testsRegistered": 5,
    "passPercent": 100,
    "pendingPercent": 0,
    "other": 0,
    "hasOther": false,
    "skipped": 0,
    "hasSkipped": false
  },
  "results": [
    {
      "uuid": "904f1523-d54c-4372-aca4-bca501a494f5",
      "title": "",
      "fullFile": "cypress\\e2e\\inventory.cy.js",
      "file": "cypress\\e2e\\inventory.cy.js",
      "beforeHooks": [],
      "afterHooks": [],
      "tests": [],
      "suites": [
        {
          "uuid": "74447fa6-d7f4-46f1-aac6-88bc4aa5f30b",
          "title": "Inventory API Tests",
          "fullFile": "",
          "file": "",
          "beforeHooks": [],
          "afterHooks": [],
          "tests": [
            {
              "title": "should create a new item",
              "fullTitle": "Inventory API Tests should create a new item",
              "timedOut": null,
              "duration": 80,
              "state": "passed",
              "speed": "fast",
              "pass": true,
              "fail": false,
              "pending": false,
              "context": null,
              "code": "cy.request('POST', baseUrl, {\n  name: 'Beef Stroganoff',\n  quantity: 25,\n  price: 19.99\n}).then(response => {\n  expect(response.status).to.eq(201);\n  expect(response.body).to.have.property('id');\n  expect(response.body.name).to.eq('Beef Stroganoff');\n});",
              "err": {},
              "uuid": "198a2953-4fe4-426d-89d5-415b01cb03e2",
              "parentUUID": "74447fa6-d7f4-46f1-aac6-88bc4aa5f30b",
              "isHook": false,
              "skipped": false
            },
            {
              "title": "should retrieve all items",
              "fullTitle": "Inventory API Tests should retrieve all items",
              "timedOut": null,
              "duration": 31,
              "state": "passed",
              "speed": "fast",
              "pass": true,
              "fail": false,
              "pending": false,
              "context": null,
              "code": "cy.request('GET', baseUrl).then(response => {\n  expect(response.status).to.eq(200);\n  expect(response.body).to.be.an('array');\n});",
              "err": {},
              "uuid": "1ec13186-19ac-44df-98e9-5644fc7b98c6",
              "parentUUID": "74447fa6-d7f4-46f1-aac6-88bc4aa5f30b",
              "isHook": false,
              "skipped": false
            },
            {
              "title": "should retrieve a specific item",
              "fullTitle": "Inventory API Tests should retrieve a specific item",
              "timedOut": null,
              "duration": 36,
              "state": "passed",
              "speed": "fast",
              "pass": true,
              "fail": false,
              "pending": false,
              "context": null,
              "code": "cy.request('POST', baseUrl, {\n  name: 'Chocolate Muffin',\n  quantity: 40,\n  price: 5.99\n}).then(postResponse => {\n  const itemId = postResponse.body.id;\n  cy.request('GET', `${baseUrl}/${itemId}`).then(response => {\n    expect(response.status).to.eq(200);\n    expect(response.body.name).to.eq('Chocolate Muffin');\n  });\n});",
              "err": {},
              "uuid": "fd41e522-56d9-4e89-a6da-e5d516a654aa",
              "parentUUID": "74447fa6-d7f4-46f1-aac6-88bc4aa5f30b",
              "isHook": false,
              "skipped": false
            },
            {
              "title": "should update an existing item",
              "fullTitle": "Inventory API Tests should update an existing item",
              "timedOut": null,
              "duration": 43,
              "state": "passed",
              "speed": "fast",
              "pass": true,
              "fail": false,
              "pending": false,
              "context": null,
              "code": "cy.request('POST', baseUrl, {\n  name: 'Fruit Yoghurt',\n  quantity: 35,\n  price: 7.99\n}).then(postResponse => {\n  const itemId = postResponse.body.id;\n  cy.request('PUT', `${baseUrl}/${itemId}`, {\n    name: 'Updated Fruit Yoghurt',\n    quantity: 40,\n    price: 8.99\n  }).then(response => {\n    expect(response.status).to.eq(200);\n    expect(response.body.name).to.eq('Updated Fruit Yoghurt');\n  });\n});",
              "err": {},
              "uuid": "fdd26a10-05b3-4857-bc96-6f11d0bce49f",
              "parentUUID": "74447fa6-d7f4-46f1-aac6-88bc4aa5f30b",
              "isHook": false,
              "skipped": false
            },
            {
              "title": "should delete an item",
              "fullTitle": "Inventory API Tests should delete an item",
              "timedOut": null,
              "duration": 58,
              "state": "passed",
              "speed": "fast",
              "pass": true,
              "fail": false,
              "pending": false,
              "context": null,
              "code": "cy.request('POST', baseUrl, {\n  name: 'Gruyère Omelette',\n  quantity: 30,\n  price: 14.99\n}).then(postResponse => {\n  const itemId = postResponse.body.id;\n  cy.request('DELETE', `${baseUrl}/${itemId}`).then(response => {\n    expect(response.status).to.eq(204);\n    cy.request({\n      method: 'GET',\n      url: `${baseUrl}/${itemId}`,\n      failOnStatusCode: false\n    }).then(getResponse => {\n      expect(getResponse.status).to.eq(404);\n    });\n  });\n});",
              "err": {},
              "uuid": "3323e760-27c8-401c-a8c9-605f7b168daf",
              "parentUUID": "74447fa6-d7f4-46f1-aac6-88bc4aa5f30b",
              "isHook": false,
              "skipped": false
            }
          ],
          "suites": [],
          "passes": [
            "198a2953-4fe4-426d-89d5-415b01cb03e2",
            "1ec13186-19ac-44df-98e9-5644fc7b98c6",
            "fd41e522-56d9-4e89-a6da-e5d516a654aa",
            "fdd26a10-05b3-4857-bc96-6f11d0bce49f",
            "3323e760-27c8-401c-a8c9-605f7b168daf"
          ],
          "failures": [],
          "pending": [],
          "skipped": [],
          "duration": 248,
          "root": false,
          "rootEmpty": false,
          "_timeout": 2000
        }
      ],
      "passes": [],
      "failures": [],
      "pending": [],
      "skipped": [],
      "duration": 0,
      "root": true,
      "rootEmpty": true,
      "_timeout": 2000
    }
  ],
  "meta": {
    "mocha": {
      "version": "7.0.1"
    },
    "mochawesome": {
      "options": {
        "quiet": false,
        "reportFilename": "mochawesome",
        "saveHtml": false,
        "saveJson": true,
        "consoleReporter": "spec",
        "useInlineDiffs": false,
        "code": true
      },
      "version": "7.1.3"
    },
    "marge": {
      "options": {
        "reportDir": "cypress/reports",
        "overwrite": false,
        "html": false,
        "json": true
      },
      "version": "6.2.0"
    }
  }
}