{
  "stats": {
    "suites": 1,
    "tests": 5,
    "passes": 5,
    "pending": 0,
    "failures": 0,
    "start": "2025-03-22T16:12:04.123Z",
    "end": "2025-03-22T16:12:04.496Z",
    "duration": 373,
    "testsRegistered": 5,
    "passPercent": 100,
    "pendingPercent": 0,
    "other": 0,
    "hasOther": false,
    "skipped": 0,
    "hasSkipped": false
  },
  "results": [
    {
      "uuid": "78265ae3-17e4-4034-90b0-36b8d270deda",
      "title": "",
      "fullFile": "cypress\\e2e\\inventory.cy.js",
      "file": "cypress\\e2e\\inventory.cy.js",
      "beforeHooks": [],
      "afterHooks": [],
      "tests": [],
      "suites": [
        {
          "uuid": "80a95f24-01e6-4c1e-8c03-2e02fdd2bed6",
          "title": "Inventory API Tests",
          "fullFile": "",
          "file": "",
          "beforeHooks": [],
          "afterHooks": [],
          "tests": [
            {
              "title": "should create a new item",
              "fullTitle": "Inventory API Tests should create a new item",
              "timedOut": null,
              "duration": 97,
              "state": "passed",
              "speed": "fast",
              "pass": true,
              "fail": false,
              "pending": false,
              "context": null,
              "code": "cy.request('POST', baseUrl, {\n  name: 'Beef Stroganoff',\n  quantity: 25,\n  price: 19.99\n}).then(response => {\n  expect(response.status).to.eq(201);\n  expect(response.body).to.have.property('id');\n  expect(response.body.name).to.eq('Beef Stroganoff');\n});",
              "err": {},
              "uuid": "6b30a04e-3770-412c-974c-abc97da44c79",
              "parentUUID": "80a95f24-01e6-4c1e-8c03-2e02fdd2bed6",
              "isHook": false,
              "skipped": false
            },
            {
              "title": "should retrieve all items",
              "fullTitle": "Inventory API Tests should retrieve all items",
              "timedOut": null,
              "duration": 34,
              "state": "passed",
              "speed": "fast",
              "pass": true,
              "fail": false,
              "pending": false,
              "context": null,
              "code": "cy.request('GET', baseUrl).then(response => {\n  expect(response.status).to.eq(200);\n  expect(response.body).to.be.an('array');\n});",
              "err": {},
              "uuid": "8d995d79-8328-461c-bfe1-895f404b98d7",
              "parentUUID": "80a95f24-01e6-4c1e-8c03-2e02fdd2bed6",
              "isHook": false,
              "skipped": false
            },
            {
              "title": "should retrieve a specific item",
              "fullTitle": "Inventory API Tests should retrieve a specific item",
              "timedOut": null,
              "duration": 46,
              "state": "passed",
              "speed": "fast",
              "pass": true,
              "fail": false,
              "pending": false,
              "context": null,
              "code": "cy.request('POST', baseUrl, {\n  name: 'Chocolate Muffin',\n  quantity: 40,\n  price: 5.99\n}).then(postResponse => {\n  const itemId = postResponse.body.id;\n  cy.request('GET', `${baseUrl}/${itemId}`).then(response => {\n    expect(response.status).to.eq(200);\n    expect(response.body.name).to.eq('Chocolate Muffin');\n  });\n});",
              "err": {},
              "uuid": "f860048c-8d53-462d-8238-7741aecadbd1",
              "parentUUID": "80a95f24-01e6-4c1e-8c03-2e02fdd2bed6",
              "isHook": false,
              "skipped": false
            },
            {
              "title": "should update an existing item",
              "fullTitle": "Inventory API Tests should update an existing item",
              "timedOut": null,
              "duration": 44,
              "state": "passed",
              "speed": "fast",
              "pass": true,
              "fail": false,
              "pending": false,
              "context": null,
              "code": "cy.request('POST', baseUrl, {\n  name: 'Fruit Yoghurt',\n  quantity: 35,\n  price: 7.99\n}).then(postResponse => {\n  const itemId = postResponse.body.id;\n  cy.request('PUT', `${baseUrl}/${itemId}`, {\n    name: 'Updated Fruit Yoghurt',\n    quantity: 40,\n    price: 8.99\n  }).then(response => {\n    expect(response.status).to.eq(200);\n    expect(response.body.name).to.eq('Updated Fruit Yoghurt');\n  });\n});",
              "err": {},
              "uuid": "77100467-9758-4ec6-85bf-62f8114a10e2",
              "parentUUID": "80a95f24-01e6-4c1e-8c03-2e02fdd2bed6",
              "isHook": false,
              "skipped": false
            },
            {
              "title": "should delete an item",
              "fullTitle": "Inventory API Tests should delete an item",
              "timedOut": null,
              "duration": 48,
              "state": "passed",
              "speed": "fast",
              "pass": true,
              "fail": false,
              "pending": false,
              "context": null,
              "code": "cy.request('POST', baseUrl, {\n  name: 'Gruyère Omelette',\n  quantity: 30,\n  price: 14.99\n}).then(postResponse => {\n  const itemId = postResponse.body.id;\n  cy.request('DELETE', `${baseUrl}/${itemId}`).then(response => {\n    expect(response.status).to.eq(204);\n    cy.request({\n      method: 'GET',\n      url: `${baseUrl}/${itemId}`,\n      failOnStatusCode: false\n    }).then(getResponse => {\n      expect(getResponse.status).to.eq(404);\n    });\n  });\n});",
              "err": {},
              "uuid": "22aa93ff-00b1-4b35-9b0e-20d57f1f58de",
              "parentUUID": "80a95f24-01e6-4c1e-8c03-2e02fdd2bed6",
              "isHook": false,
              "skipped": false
            }
          ],
          "suites": [],
          "passes": [
            "6b30a04e-3770-412c-974c-abc97da44c79",
            "8d995d79-8328-461c-bfe1-895f404b98d7",
            "f860048c-8d53-462d-8238-7741aecadbd1",
            "77100467-9758-4ec6-85bf-62f8114a10e2",
            "22aa93ff-00b1-4b35-9b0e-20d57f1f58de"
          ],
          "failures": [],
          "pending": [],
          "skipped": [],
          "duration": 269,
          "root": false,
          "rootEmpty": false,
          "_timeout": 2000
        }
      ],
      "passes": [],
      "failures": [],
      "pending": [],
      "skipped": [],
      "duration": 0,
      "root": true,
      "rootEmpty": true,
      "_timeout": 2000
    }
  ],
  "meta": {
    "mocha": {
      "version": "7.0.1"
    },
    "mochawesome": {
      "options": {
        "quiet": false,
        "reportFilename": "mochawesome",
        "saveHtml": false,
        "saveJson": true,
        "consoleReporter": "spec",
        "useInlineDiffs": false,
        "code": true
      },
      "version": "7.1.3"
    },
    "marge": {
      "options": {
        "reportDir": "cypress/reports",
        "overwrite": false,
        "html": false,
        "json": true
      },
      "version": "6.2.0"
    }
  }
}